<?xml version="1.0" encoding="UTF-8"?>
<!-- Generated by org.testng.reporters.JUnitReportReporter -->
<testsuite hostname="Pravin" failures="0" tests="2" name="com.sauceDemo.TestPackage.TC01_VerifyLoginFunctionality" time="3.564" errors="0" timestamp="2022-11-05T12:15:30 IST" skipped="0">
  <testcase classname="com.sauceDemo.TestPackage.TC01_VerifyLoginFunctionality" name="VerifyLogin" time="1.802"/>
  <system-out/>
  <testcase classname="com.sauceDemo.TestPackage.TC01_VerifyLoginFunctionality" name="VerifyLogin" time="1.762"/>
  <system-out/>
</testsuite> <!-- com.sauceDemo.TestPackage.TC01_VerifyLoginFunctionality -->
