<?xml version="1.0" encoding="UTF-8"?>
<!-- Generated by org.testng.reporters.JUnitReportReporter -->
<testsuite hostname="Pravin" failures="0" tests="1" name="com.sauceDemo.TestPackage.TC03_VerifyToSelectTheBagProduct" time="7.294" errors="0" timestamp="2022-11-05T12:15:31 IST" skipped="0">
  <testcase classname="com.sauceDemo.TestPackage.TC03_VerifyToSelectTheBagProduct" name="VerifyToSelectBagProduct" time="7.294"/>
  <system-out/>
</testsuite> <!-- com.sauceDemo.TestPackage.TC03_VerifyToSelectTheBagProduct -->
