<?xml version="1.0" encoding="UTF-8"?>
<!-- Generated by org.testng.reporters.JUnitReportReporter -->
<testsuite hostname="Pravin" failures="0" tests="1" name="com.sauceDemo.TestPackage.TC04_VerifyToAddTheProductToCart_BagProduct" time="2.904" errors="0" timestamp="2022-11-05T12:15:30 IST" skipped="0">
  <testcase classname="com.sauceDemo.TestPackage.TC04_VerifyToAddTheProductToCart_BagProduct" name="VerifyToAddToCart_BagProduct" time="2.904"/>
  <system-out/>
</testsuite> <!-- com.sauceDemo.TestPackage.TC04_VerifyToAddTheProductToCart_BagProduct -->
